c:\users\gregory venezia\documents\visual studio 2013\projects\graphics\project3\project3\debug\vc120.pdb
c:\users\gregory venezia\documents\visual studio 2013\projects\graphics\project3\project3\debug\vc120.idb
c:\users\gregory venezia\documents\visual studio 2013\projects\graphics\project3\project3\debug\axes.obj
c:\users\gregory venezia\documents\visual studio 2013\projects\graphics\project3\project3\debug\cube.obj
c:\users\gregory venezia\documents\visual studio 2013\projects\graphics\project3\project3\debug\loadshaders.obj
c:\users\gregory venezia\documents\visual studio 2013\projects\graphics\project3\project3\debug\main.obj
c:\users\gregory venezia\documents\visual studio 2013\projects\graphics\project3\project3\debug\object.obj
c:\users\gregory venezia\documents\visual studio 2013\projects\graphics\project3\project3\debug\square.obj
c:\users\gregory venezia\documents\visual studio 2013\projects\graphics\project3\project3\debug\texture.obj
c:\users\gregory venezia\documents\visual studio 2013\projects\graphics\project3\project3\debug\world.obj
c:\users\gregory venezia\documents\visual studio 2013\projects\graphics\project3\project3\debug\lodepng.obj
c:\users\gregory venezia\documents\visual studio 2013\projects\graphics\project3\debug\project3.ilk
c:\users\gregory venezia\documents\visual studio 2013\projects\graphics\project3\debug\project3.exe
c:\users\gregory venezia\documents\visual studio 2013\projects\graphics\project3\debug\project3.pdb
c:\users\gregory venezia\documents\visual studio 2013\projects\graphics\project3\project3\debug\shape.obj
c:\users\gregory venezia\documents\visual studio 2013\projects\graphics\project3\project3\debug\project3.tlog\cl.command.1.tlog
c:\users\gregory venezia\documents\visual studio 2013\projects\graphics\project3\project3\debug\project3.tlog\cl.read.1.tlog
c:\users\gregory venezia\documents\visual studio 2013\projects\graphics\project3\project3\debug\project3.tlog\cl.write.1.tlog
c:\users\gregory venezia\documents\visual studio 2013\projects\graphics\project3\project3\debug\project3.tlog\link.command.1.tlog
c:\users\gregory venezia\documents\visual studio 2013\projects\graphics\project3\project3\debug\project3.tlog\link.read.1.tlog
c:\users\gregory venezia\documents\visual studio 2013\projects\graphics\project3\project3\debug\project3.tlog\link.write.1.tlog
